<?xml version="1.0" encoding="UTF-8"?>
<!-- Generated by org.testng.reporters.JUnitReportReporter -->
<testsuite hostname="DESKTOP-AB6BR8M" failures="0" tests="1" name="Selenium1.JsonEx" time="0.015" errors="0" timestamp="2024-07-03T08:03:59 IST" skipped="0">
  <testcase classname="Selenium1.JsonEx" name="demo" time="0.015"/>
</testsuite> <!-- Selenium1.JsonEx -->
