<?xml version="1.0" encoding="UTF-8"?>
<!-- Generated by org.testng.reporters.JUnitReportReporter -->
<testsuite hostname="DESKTOP-AB6BR8M" failures="0" tests="1" name="New_WebSites.Qspiders_Fee" time="27.519" errors="0" timestamp="2024-11-12T16:26:43 IST" skipped="0">
  <testcase classname="New_WebSites.Qspiders_Fee" name="fee" time="27.519"/>
</testsuite> <!-- New_WebSites.Qspiders_Fee -->
