<?xml version="1.0" encoding="UTF-8"?>
<!-- Generated by org.testng.reporters.JUnitReportReporter -->
<testsuite hostname="DESKTOP-AB6BR8M" failures="0" tests="6" name="New_WebSites.LogInWithJunit3" time="49.156" errors="0" timestamp="2024-10-16T09:50:00 IST" skipped="0">
  <testcase classname="New_WebSites.LogInWithJunit3" name="loginTest4" time="5.273"/>
  <testcase classname="New_WebSites.LogInWithJunit3" name="loginTest1" time="16.590"/>
  <testcase classname="New_WebSites.LogInWithJunit3" name="loginTest5" time="6.108"/>
  <testcase classname="New_WebSites.LogInWithJunit3" name="loginTest3" time="8.611"/>
  <testcase classname="New_WebSites.LogInWithJunit3" name="loginTest6" time="5.461"/>
  <testcase classname="New_WebSites.LogInWithJunit3" name="loginTest2" time="7.113"/>
</testsuite> <!-- New_WebSites.LogInWithJunit3 -->
