<?xml version="1.0" encoding="UTF-8"?>
<!-- Generated by org.testng.reporters.JUnitReportReporter -->
<testsuite hostname="DESKTOP-AB6BR8M" failures="0" tests="1" name="Selenium1.CsvEx" time="0.028" errors="0" timestamp="2024-07-03T08:16:58 IST" skipped="0">
  <testcase classname="Selenium1.CsvEx" name="demo" time="0.028"/>
</testsuite> <!-- Selenium1.CsvEx -->
